<?xml version="1.0" encoding="utf-8"?><testsuites name="pytest tests"><testsuite name="pytest" errors="0" failures="0" skipped="0" tests="22" time="11.523" timestamp="2026-08-29T21:20:10.008423+00:00" hostname="agent-env-c33eeb49-713c-4fa0-848b-f8036188e39c"><testcase classname="backend.tests.test_object_storage_and_audit.TestObjectStoragePhoto" name="test_upload_photo_and_serve" time="1.445" /><testcase classname="backend.tests.test_object_storage_and_audit.TestObjectStoragePhoto" name="test_upload_photo_audit_row_written" time="0.155" /><testcase classname="backend.tests.test_object_storage_and_audit.TestObjectStoragePhoto" name="test_download_requires_auth" time="0.156" /><testcase classname="backend.tests.test_object_storage_and_audit.TestObjectStoragePhoto" name="test_cross_tenant_download_forbidden" time="0.555" /><testcase classname="backend.tests.test_object_storage_and_audit.TestObjectStoragePhoto" name="test_superuser_can_read_any_tenant_file" time="0.686" /><testcase classname="backend.tests.test_object_storage_and_audit.TestSignatureUpload" name="test_signature_upload_and_serve" time="1.027" /><testcase classname="backend.tests.test_object_storage_and_audit.TestAuditCoverage" name="test_create_user_audit" time="0.618" /><testcase classname="backend.tests.test_object_storage_and_audit.TestAuditCoverage" name="test_reset_credentials_audit" time="0.611" /><testcase classname="backend.tests.test_object_storage_and_audit.TestAuditCoverage" name="test_mark_attendance_audit" time="0.629" /><testcase classname="backend.tests.test_object_storage_and_audit.TestAuditCoverage" name="test_bulk_attendance_audit" time="0.673" /><testcase classname="backend.tests.test_object_storage_and_audit.TestAuditCoverage" name="test_social_skills_audit" time="0.527" /><testcase classname="backend.tests.test_object_storage_and_audit.TestAuditCoverage" name="test_teacher_comment_audit" time="0.499" /><testcase classname="backend.tests.test_object_storage_and_audit.TestAuditCoverage" name="test_admissions_crud_audit" time="1.009" /><testcase classname="backend.tests.test_object_storage_and_audit.TestAuditCoverage" name="test_academic_year_toggle_audit" time="0.682" /><testcase classname="backend.tests.test_object_storage_and_audit.TestAuditCoverage" name="test_report_template_update_audit" time="0.523" /><testcase classname="backend.tests.test_object_storage_and_audit.TestCoreRegression" name="test_core_reads_200[/students]" time="0.176" /><testcase classname="backend.tests.test_object_storage_and_audit.TestCoreRegression" name="test_core_reads_200[/users]" time="0.155" /><testcase classname="backend.tests.test_object_storage_and_audit.TestCoreRegression" name="test_core_reads_200[/classes]" time="0.189" /><testcase classname="backend.tests.test_object_storage_and_audit.TestCoreRegression" name="test_core_reads_200[/attendance]" time="0.268" /><testcase classname="backend.tests.test_object_storage_and_audit.TestCoreRegression" name="test_core_reads_200[/gradebook]" time="0.237" /><testcase classname="backend.tests.test_object_storage_and_audit.TestForgotPassword" name="test_forgot_password_writes_audit" time="0.308" /><testcase classname="backend.tests.test_object_storage_and_audit.TestForgotPassword" name="test_forgot_password_no_enumeration" time="0.341" /></testsuite></testsuites>