<?xml version="1.0" encoding="utf-8"?><testsuites name="pytest tests"><testsuite name="pytest" errors="0" failures="0" skipped="0" tests="7" time="3.080" timestamp="2026-05-25T02:36:27.197121+00:00" hostname="agent-env-1fa61fb6-cb73-468c-9736-4e293768a8cd"><testcase classname="backend.tests.test_lumina_default.TestDefaultTemplate" name="test_get_template_returns_lumina_default_keys" time="0.604" /><testcase classname="backend.tests.test_lumina_default.TestResetDefaultEndpoint" name="test_admin_can_reset_default" time="0.143" /><testcase classname="backend.tests.test_lumina_default.TestResetDefaultEndpoint" name="test_teacher_cannot_reset_default" time="0.472" /><testcase classname="backend.tests.test_lumina_default.TestResetDefaultEndpoint" name="test_cross_tenant_admin_forbidden" time="0.464" /><testcase classname="backend.tests.test_lumina_default.TestResetDefaultEndpoint" name="test_superuser_can_reset_any" time="0.497" /><testcase classname="backend.tests.test_lumina_default.TestAuditLog" name="test_reset_writes_audit_log" time="0.245" /><testcase classname="backend.tests.test_lumina_default.TestCanvasOverride" name="test_put_canvas_then_get_returns_canvas_mode" time="0.601" /></testsuite></testsuites>