<?xml version="1.0" encoding="utf-8"?><testsuites name="pytest tests"><testsuite name="pytest" errors="0" failures="0" skipped="0" tests="6" time="2.174" timestamp="2026-06-01T19:48:56.036766+00:00" hostname="agent-env-1fa61fb6-cb73-468c-9736-4e293768a8cd"><testcase classname="backend.tests.test_staff_profile.TestGetUserById" name="test_admin_fetches_own_school_user" time="0.782" /><testcase classname="backend.tests.test_staff_profile.TestGetUserById" name="test_cross_tenant_access_denied" time="0.584" /><testcase classname="backend.tests.test_staff_profile.TestGetUserById" name="test_unknown_user_returns_404" time="0.105" /><testcase classname="backend.tests.test_staff_profile.TestGetUserById" name="test_unauthenticated_blocked" time="0.126" /><testcase classname="backend.tests.test_staff_profile.TestGetUserById" name="test_teacher_role_cannot_fetch_user" time="0.525" /><testcase classname="backend.tests.test_staff_profile.TestUsersListShape" name="test_sunf_admin_users_list_scoped" time="0.000" /></testsuite></testsuites>